{
  "stats": {
    "suites": 1,
    "tests": 1,
    "passes": 1,
    "pending": 0,
    "failures": 0,
    "start": "2022-04-29T10:52:53.694Z",
    "end": "2022-04-29T10:53:23.555Z",
    "duration": 29861,
    "testsRegistered": 1,
    "passPercent": 100,
    "pendingPercent": 0,
    "other": 0,
    "hasOther": false,
    "skipped": 0,
    "hasSkipped": false
  },
  "results": [
    {
      "uuid": "976f9567-589f-4a50-953e-e6bdeca6d11f",
      "title": "",
      "fullFile": "cypress/integration/examples/BDDCucumber/scheduledInternalRecurring.feature",
      "file": "cypress/integration/examples/BDDCucumber/scheduledInternalRecurring.feature",
      "beforeHooks": [],
      "afterHooks": [],
      "tests": [],
      "suites": [
        {
          "uuid": "d215b35e-7aec-4d53-81c7-5ab3b267ba44",
          "title": "Recurring internal transfer schedule starting on the weekend/holiday",
          "fullFile": "",
          "file": "",
          "beforeHooks": [],
          "afterHooks": [],
          "tests": [
            {
              "title": "Verify user is able to schedule a recurring internal transfer starting on the weekend/holiday",
              "fullTitle": "Recurring internal transfer schedule starting on the weekend/holiday Verify user is able to schedule a recurring internal transfer starting on the weekend/holiday",
              "timedOut": null,
              "duration": 12864,
              "state": "passed",
              "speed": "slow",
              "pass": true,
              "fail": false,
              "pending": false,
              "context": "{\n  \"title\": \"cypress-mochawesome-reporter-screenshots\",\n  \"value\": [\n    [\n      {\n        \"title\": \"Failed screenshot\",\n        \"value\": \"\\\\examples\\\\BDDCucumber\\\\scheduledInternalRecurring.feature\\\\Recurring internal transfer schedule starting on the weekendholiday -- Verify user is able to schedule a recurring internal transfer starting on the weekendholiday (failed).png\"\n      }\n    ],\n    []\n  ]\n}",
              "code": "const state = window.testState;\nreturn cy\n  .then(() => state.onStartScenario(scenario, indexedSteps))\n  .then(() =>\n    resolveAndRunBeforeHooks.call(this, scenario.tags, state.feature.name)\n  )\n  .then(() =>\n    indexedSteps.forEach((step) =>\n      stepTest.call(this, state, step, rowData)\n    )\n  )\n  .then(() => state.onFinishScenario(scenario));",
              "err": {},
              "uuid": "df486cce-60bf-43c4-bedd-e0105777a4fa",
              "parentUUID": "d215b35e-7aec-4d53-81c7-5ab3b267ba44",
              "isHook": false,
              "skipped": false
            }
          ],
          "suites": [],
          "passes": [
            "df486cce-60bf-43c4-bedd-e0105777a4fa"
          ],
          "failures": [],
          "pending": [],
          "skipped": [],
          "duration": 12864,
          "root": false,
          "rootEmpty": false,
          "_timeout": 2000
        }
      ],
      "passes": [],
      "failures": [],
      "pending": [],
      "skipped": [],
      "duration": 0,
      "root": true,
      "rootEmpty": true,
      "_timeout": 2000
    }
  ],
  "meta": {
    "mocha": {
      "version": "7.0.1"
    },
    "mochawesome": {
      "options": {
        "quiet": false,
        "reportFilename": "mochawesome",
        "saveHtml": false,
        "saveJson": true,
        "consoleReporter": "spec",
        "useInlineDiffs": false,
        "code": true
      },
      "version": "7.1.3"
    },
    "marge": {
      "options": {
        "id": "default",
        "reportDir": "cypress\\reports\\.jsons",
        "charts": true,
        "reportPageTitle": "Bankjoy Platform Regression",
        "embeddedScreenshots": true,
        "inlineAssets": true,
        "html": false,
        "json": true,
        "overwrite": false
      },
      "version": "6.2.0"
    }
  }
}