{
  "stats": {
    "suites": 1,
    "tests": 4,
    "passes": 2,
    "pending": 0,
    "failures": 2,
    "start": "2022-04-28T09:17:23.362Z",
    "end": "2022-04-28T09:19:16.586Z",
    "duration": 113224,
    "testsRegistered": 4,
    "passPercent": 50,
    "pendingPercent": 0,
    "other": 0,
    "hasOther": false,
    "skipped": 0,
    "hasSkipped": false
  },
  "results": [
    {
      "uuid": "8e14c400-017e-49eb-8233-ea365ef99139",
      "title": "",
      "fullFile": "cypress/integration/examples/BDDCucumber/uiLinks.feature",
      "file": "cypress/integration/examples/BDDCucumber/uiLinks.feature",
      "beforeHooks": [],
      "afterHooks": [],
      "tests": [],
      "suites": [
        {
          "uuid": "d59ad058-b38b-4e33-a8d3-e8b3a4c35d63",
          "title": "Verify the UI Links on the Login Page of CU Portal",
          "fullFile": "",
          "file": "",
          "beforeHooks": [],
          "afterHooks": [],
          "tests": [
            {
              "title": "Verify the Privacy Policy Link on the Login Page",
              "fullTitle": "Verify the UI Links on the Login Page of CU Portal Verify the Privacy Policy Link on the Login Page",
              "timedOut": null,
              "duration": 19016,
              "state": "failed",
              "speed": null,
              "pass": false,
              "fail": true,
              "pending": false,
              "context": "{\n  \"title\": \"cypress-mochawesome-reporter-screenshots\",\n  \"value\": [\n    [\n      {\n        \"title\": \"Screenshot\",\n        \"value\": \"\\\\examples\\\\BDDCucumber\\\\uiLinks.feature\\\\Verify the UI Links on the Login Page of CU Portal -- Verify the Privacy Policy Link on the Login Page.png\"\n      },\n      {\n        \"title\": \"Failed screenshot\",\n        \"value\": \"\\\\examples\\\\BDDCucumber\\\\uiLinks.feature\\\\Verify the UI Links on the Login Page of CU Portal -- Verify the Privacy Policy Link on the Login Page (failed).png\"\n      }\n    ],\n    [\n      {\n        \"title\": \"Screenshot\",\n        \"value\": \"\\\\examples\\\\BDDCucumber\\\\uiLinks.feature\\\\Verify the UI Links on the Login Page of CU Portal -- Verify the Privacy Policy Link on the Login Page (attempt 2).png\"\n      },\n      {\n        \"title\": \"Failed screenshot\",\n        \"value\": \"\\\\examples\\\\BDDCucumber\\\\uiLinks.feature\\\\Verify the UI Links on the Login Page of CU Portal -- Verify the Privacy Policy Link on the Login Page (failed) (attempt 2).png\"\n      }\n    ]\n  ]\n}",
              "code": "const state = window.testState;\nreturn cy\n  .then(() => state.onStartScenario(scenario, indexedSteps))\n  .then(() =>\n    resolveAndRunBeforeHooks.call(this, scenario.tags, state.feature.name)\n  )\n  .then(() =>\n    indexedSteps.forEach((step) =>\n      stepTest.call(this, state, step, rowData)\n    )\n  )\n  .then(() => state.onFinishScenario(scenario));",
              "err": {
                "message": "AssertionError: Timed out retrying after 8000ms: expected 'https://siucu.org/wp-content/uploads/2020/04/MSA-Our-Privacy-Notice-SIUCU-02-08-20.pdf' to equal 'http://siucu.org/wp-content/uploads/2020/04/MSA-Our-Privacy-Notice-SIUCU-02-08-20.pdf'",
                "estack": "AssertionError: Timed out retrying after 8000ms: expected 'https://siucu.org/wp-content/uploads/2020/04/MSA-Our-Privacy-Notice-SIUCU-02-08-20.pdf' to equal 'http://siucu.org/wp-content/uploads/2020/04/MSA-Our-Privacy-Notice-SIUCU-02-08-20.pdf'\n    at Context.eval (https://siu-uat.bankjoy.com/__cypress/tests?p=cypress\\integration\\examples\\BDDCucumber\\uiLinks.feature:72:12)\n    at Context.resolveAndRunStepDefinition (https://siu-uat.bankjoy.com/__cypress/tests?p=cypress\\integration\\examples\\BDDCucumber\\uiLinks.feature:12476:29)\n    at Context.eval (https://siu-uat.bankjoy.com/__cypress/tests?p=cypress\\integration\\examples\\BDDCucumber\\uiLinks.feature:11797:35)",
                "diff": "- 'https://siucu.org/wp-content/uploads/2020/04/MSA-Our-Privacy-Notice-SIUCU-02-08-20.pdf'\n+ 'http://siucu.org/wp-content/uploads/2020/04/MSA-Our-Privacy-Notice-SIUCU-02-08-20.pdf'\n"
              },
              "uuid": "5a384e1d-c71c-45b0-89f4-783b48c4cd3d",
              "parentUUID": "d59ad058-b38b-4e33-a8d3-e8b3a4c35d63",
              "isHook": false,
              "skipped": false
            },
            {
              "title": "Verify the Terms of Service Link on the Login Page",
              "fullTitle": "Verify the UI Links on the Login Page of CU Portal Verify the Terms of Service Link on the Login Page",
              "timedOut": null,
              "duration": 18083,
              "state": "failed",
              "speed": null,
              "pass": false,
              "fail": true,
              "pending": false,
              "context": "{\n  \"title\": \"cypress-mochawesome-reporter-screenshots\",\n  \"value\": [\n    [\n      {\n        \"title\": \"Screenshot\",\n        \"value\": \"\\\\examples\\\\BDDCucumber\\\\uiLinks.feature\\\\Verify the UI Links on the Login Page of CU Portal -- Verify the Terms of Service Link on the Login Page.png\"\n      },\n      {\n        \"title\": \"Failed screenshot\",\n        \"value\": \"\\\\examples\\\\BDDCucumber\\\\uiLinks.feature\\\\Verify the UI Links on the Login Page of CU Portal -- Verify the Terms of Service Link on the Login Page (failed).png\"\n      }\n    ],\n    [\n      {\n        \"title\": \"Screenshot\",\n        \"value\": \"\\\\examples\\\\BDDCucumber\\\\uiLinks.feature\\\\Verify the UI Links on the Login Page of CU Portal -- Verify the Terms of Service Link on the Login Page (attempt 2).png\"\n      },\n      {\n        \"title\": \"Failed screenshot\",\n        \"value\": \"\\\\examples\\\\BDDCucumber\\\\uiLinks.feature\\\\Verify the UI Links on the Login Page of CU Portal -- Verify the Terms of Service Link on the Login Page (failed) (attempt 2).png\"\n      }\n    ]\n  ]\n}",
              "code": "const state = window.testState;\nreturn cy\n  .then(() => state.onStartScenario(scenario, indexedSteps))\n  .then(() =>\n    resolveAndRunBeforeHooks.call(this, scenario.tags, state.feature.name)\n  )\n  .then(() =>\n    indexedSteps.forEach((step) =>\n      stepTest.call(this, state, step, rowData)\n    )\n  )\n  .then(() => state.onFinishScenario(scenario));",
              "err": {
                "message": "AssertionError: Timed out retrying after 8000ms: expected 'https://siucu.org/wp-content/uploads/2020/04/Online-Banking-Agreement.pdf' to equal 'http://siucu.org/wp-content/uploads/2020/04/Online-Banking-Agreement.pdf'",
                "estack": "AssertionError: Timed out retrying after 8000ms: expected 'https://siucu.org/wp-content/uploads/2020/04/Online-Banking-Agreement.pdf' to equal 'http://siucu.org/wp-content/uploads/2020/04/Online-Banking-Agreement.pdf'\n    at Context.eval (https://siu-uat.bankjoy.com/__cypress/tests?p=cypress\\integration\\examples\\BDDCucumber\\uiLinks.feature:87:12)\n    at Context.resolveAndRunStepDefinition (https://siu-uat.bankjoy.com/__cypress/tests?p=cypress\\integration\\examples\\BDDCucumber\\uiLinks.feature:12476:29)\n    at Context.eval (https://siu-uat.bankjoy.com/__cypress/tests?p=cypress\\integration\\examples\\BDDCucumber\\uiLinks.feature:11797:35)",
                "diff": "- 'https://siucu.org/wp-content/uploads/2020/04/Online-Banking-Agreement.pdf'\n+ 'http://siucu.org/wp-content/uploads/2020/04/Online-Banking-Agreement.pdf'\n"
              },
              "uuid": "4cc0232a-06d3-4d22-970b-c1ff5c69e659",
              "parentUUID": "d59ad058-b38b-4e33-a8d3-e8b3a4c35d63",
              "isHook": false,
              "skipped": false
            },
            {
              "title": "Verify the FAQ Link on the Login Page",
              "fullTitle": "Verify the UI Links on the Login Page of CU Portal Verify the FAQ Link on the Login Page",
              "timedOut": null,
              "duration": 13967,
              "state": "passed",
              "speed": "slow",
              "pass": true,
              "fail": false,
              "pending": false,
              "context": "{\n  \"title\": \"cypress-mochawesome-reporter-screenshots\",\n  \"value\": [\n    [\n      {\n        \"title\": \"Screenshot\",\n        \"value\": \"\\\\examples\\\\BDDCucumber\\\\uiLinks.feature\\\\Verify the UI Links on the Login Page of CU Portal -- Verify the FAQ Link on the Login Page.png\"\n      },\n      {\n        \"title\": \"Screenshot\",\n        \"value\": \"\\\\examples\\\\BDDCucumber\\\\uiLinks.feature\\\\Verify the UI Links on the Login Page of CU Portal -- Verify the FAQ Link on the Login Page (1).png\"\n      }\n    ]\n  ]\n}",
              "code": "const state = window.testState;\nreturn cy\n  .then(() => state.onStartScenario(scenario, indexedSteps))\n  .then(() =>\n    resolveAndRunBeforeHooks.call(this, scenario.tags, state.feature.name)\n  )\n  .then(() =>\n    indexedSteps.forEach((step) =>\n      stepTest.call(this, state, step, rowData)\n    )\n  )\n  .then(() => state.onFinishScenario(scenario));",
              "err": {},
              "uuid": "68daedd8-01ef-4242-85fd-a9fcd588ac5b",
              "parentUUID": "d59ad058-b38b-4e33-a8d3-e8b3a4c35d63",
              "isHook": false,
              "skipped": false
            },
            {
              "title": "Verify the Join Link on the Login Page",
              "fullTitle": "Verify the UI Links on the Login Page of CU Portal Verify the Join Link on the Login Page",
              "timedOut": null,
              "duration": 18398,
              "state": "passed",
              "speed": "slow",
              "pass": true,
              "fail": false,
              "pending": false,
              "context": "{\n  \"title\": \"cypress-mochawesome-reporter-screenshots\",\n  \"value\": [\n    [\n      {\n        \"title\": \"Screenshot\",\n        \"value\": \"\\\\examples\\\\BDDCucumber\\\\uiLinks.feature\\\\Verify the UI Links on the Login Page of CU Portal -- Verify the Join Link on the Login Page.png\"\n      },\n      {\n        \"title\": \"Screenshot\",\n        \"value\": \"\\\\examples\\\\BDDCucumber\\\\uiLinks.feature\\\\Verify the UI Links on the Login Page of CU Portal -- Verify the Join Link on the Login Page (1).png\"\n      }\n    ]\n  ]\n}",
              "code": "const state = window.testState;\nreturn cy\n  .then(() => state.onStartScenario(scenario, indexedSteps))\n  .then(() =>\n    resolveAndRunBeforeHooks.call(this, scenario.tags, state.feature.name)\n  )\n  .then(() =>\n    indexedSteps.forEach((step) =>\n      stepTest.call(this, state, step, rowData)\n    )\n  )\n  .then(() => state.onFinishScenario(scenario));",
              "err": {},
              "uuid": "7cef9f5f-3e9d-4530-bed6-1345bac5b241",
              "parentUUID": "d59ad058-b38b-4e33-a8d3-e8b3a4c35d63",
              "isHook": false,
              "skipped": false
            }
          ],
          "suites": [],
          "passes": [
            "68daedd8-01ef-4242-85fd-a9fcd588ac5b",
            "7cef9f5f-3e9d-4530-bed6-1345bac5b241"
          ],
          "failures": [
            "5a384e1d-c71c-45b0-89f4-783b48c4cd3d",
            "4cc0232a-06d3-4d22-970b-c1ff5c69e659"
          ],
          "pending": [],
          "skipped": [],
          "duration": 69464,
          "root": false,
          "rootEmpty": false,
          "_timeout": 2000
        }
      ],
      "passes": [],
      "failures": [],
      "pending": [],
      "skipped": [],
      "duration": 0,
      "root": true,
      "rootEmpty": true,
      "_timeout": 2000
    }
  ],
  "meta": {
    "mocha": {
      "version": "7.0.1"
    },
    "mochawesome": {
      "options": {
        "quiet": false,
        "reportFilename": "mochawesome",
        "saveHtml": false,
        "saveJson": true,
        "consoleReporter": "spec",
        "useInlineDiffs": false,
        "code": true
      },
      "version": "7.1.3"
    },
    "marge": {
      "options": {
        "id": "default",
        "reportDir": "cypress\\reports\\.jsons",
        "charts": true,
        "reportPageTitle": "Bankjoy Platform Regression",
        "embeddedScreenshots": true,
        "inlineAssets": true,
        "html": false,
        "json": true,
        "overwrite": false
      },
      "version": "6.2.0"
    }
  }
}