{
  "stats": {
    "suites": 1,
    "tests": 1,
    "passes": 1,
    "pending": 0,
    "failures": 0,
    "start": "2022-04-27T19:54:11.995Z",
    "end": "2022-04-27T19:54:24.883Z",
    "duration": 12888,
    "testsRegistered": 1,
    "passPercent": 100,
    "pendingPercent": 0,
    "other": 0,
    "hasOther": false,
    "skipped": 0,
    "hasSkipped": false
  },
  "results": [
    {
      "uuid": "984c561a-d85e-4395-b9a0-958643c5aa88",
      "title": "",
      "fullFile": "cypress/integration/examples/BDDCucumber/uiLinks.feature",
      "file": "cypress/integration/examples/BDDCucumber/uiLinks.feature",
      "beforeHooks": [],
      "afterHooks": [],
      "tests": [],
      "suites": [
        {
          "uuid": "5725dcb7-1146-4fd9-b8fd-9f7c8a216dc4",
          "title": "Verify the UI Links on the Login Page of CU Portal",
          "fullFile": "",
          "file": "",
          "beforeHooks": [],
          "afterHooks": [],
          "tests": [
            {
              "title": "Verify the Privacy Policy Link on the Login Page",
              "fullTitle": "Verify the UI Links on the Login Page of CU Portal Verify the Privacy Policy Link on the Login Page",
              "timedOut": null,
              "duration": 9447,
              "state": "passed",
              "speed": "medium",
              "pass": true,
              "fail": false,
              "pending": false,
              "context": null,
              "code": "const state = window.testState;\nreturn cy\n  .then(() => state.onStartScenario(scenario, indexedSteps))\n  .then(() =>\n    resolveAndRunBeforeHooks.call(this, scenario.tags, state.feature.name)\n  )\n  .then(() =>\n    indexedSteps.forEach((step) =>\n      stepTest.call(this, state, step, rowData)\n    )\n  )\n  .then(() => state.onFinishScenario(scenario));",
              "err": {},
              "uuid": "42825e31-d8f8-4467-b898-b74f3a902b54",
              "parentUUID": "5725dcb7-1146-4fd9-b8fd-9f7c8a216dc4",
              "isHook": false,
              "skipped": false
            }
          ],
          "suites": [],
          "passes": [
            "42825e31-d8f8-4467-b898-b74f3a902b54"
          ],
          "failures": [],
          "pending": [],
          "skipped": [],
          "duration": 9447,
          "root": false,
          "rootEmpty": false,
          "_timeout": 2000
        }
      ],
      "passes": [],
      "failures": [],
      "pending": [],
      "skipped": [],
      "duration": 0,
      "root": true,
      "rootEmpty": true,
      "_timeout": 2000
    }
  ],
  "meta": {
    "mocha": {
      "version": "7.0.1"
    },
    "mochawesome": {
      "options": {
        "quiet": false,
        "reportFilename": "mochawesome",
        "saveHtml": false,
        "saveJson": true,
        "consoleReporter": "spec",
        "useInlineDiffs": false,
        "code": true
      },
      "version": "7.1.3"
    },
    "marge": {
      "options": {
        "id": "default",
        "reportDir": "cypress\\reports\\.jsons",
        "charts": true,
        "reportPageTitle": "Bankjoy Platform Regression",
        "embeddedScreenshots": true,
        "inlineAssets": true,
        "html": false,
        "json": true,
        "overwrite": false
      },
      "version": "6.2.0"
    }
  }
}