{
  "stats": {
    "suites": 1,
    "tests": 4,
    "passes": 4,
    "pending": 0,
    "failures": 0,
    "start": "2022-04-28T08:37:36.655Z",
    "end": "2022-04-28T08:38:21.261Z",
    "duration": 44606,
    "testsRegistered": 4,
    "passPercent": 100,
    "pendingPercent": 0,
    "other": 0,
    "hasOther": false,
    "skipped": 0,
    "hasSkipped": false
  },
  "results": [
    {
      "uuid": "d76fd7dc-deb3-481d-8acb-f5fee6b96ec1",
      "title": "",
      "fullFile": "cypress/integration/examples/BDDCucumber/uiLinks.feature",
      "file": "cypress/integration/examples/BDDCucumber/uiLinks.feature",
      "beforeHooks": [],
      "afterHooks": [],
      "tests": [],
      "suites": [
        {
          "uuid": "f82dbb51-5ece-437d-ba1d-46ff2ce3ba87",
          "title": "Verify the UI Links on the Login Page of CU Portal",
          "fullFile": "",
          "file": "",
          "beforeHooks": [],
          "afterHooks": [],
          "tests": [
            {
              "title": "Verify the Privacy Policy Link on the Login Page",
              "fullTitle": "Verify the UI Links on the Login Page of CU Portal Verify the Privacy Policy Link on the Login Page",
              "timedOut": null,
              "duration": 9434,
              "state": "passed",
              "speed": "medium",
              "pass": true,
              "fail": false,
              "pending": false,
              "context": null,
              "code": "const state = window.testState;\nreturn cy\n  .then(() => state.onStartScenario(scenario, indexedSteps))\n  .then(() =>\n    resolveAndRunBeforeHooks.call(this, scenario.tags, state.feature.name)\n  )\n  .then(() =>\n    indexedSteps.forEach((step) =>\n      stepTest.call(this, state, step, rowData)\n    )\n  )\n  .then(() => state.onFinishScenario(scenario));",
              "err": {},
              "uuid": "6b5fd37f-fc4c-4dc4-9f68-154302f6d36c",
              "parentUUID": "f82dbb51-5ece-437d-ba1d-46ff2ce3ba87",
              "isHook": false,
              "skipped": false
            },
            {
              "title": "Verify the Terms of Service Link on the Login Page",
              "fullTitle": "Verify the UI Links on the Login Page of CU Portal Verify the Terms of Service Link on the Login Page",
              "timedOut": null,
              "duration": 8304,
              "state": "passed",
              "speed": "medium",
              "pass": true,
              "fail": false,
              "pending": false,
              "context": null,
              "code": "const state = window.testState;\nreturn cy\n  .then(() => state.onStartScenario(scenario, indexedSteps))\n  .then(() =>\n    resolveAndRunBeforeHooks.call(this, scenario.tags, state.feature.name)\n  )\n  .then(() =>\n    indexedSteps.forEach((step) =>\n      stepTest.call(this, state, step, rowData)\n    )\n  )\n  .then(() => state.onFinishScenario(scenario));",
              "err": {},
              "uuid": "e8af6f77-1619-4783-8bd7-93b47ca4e20d",
              "parentUUID": "f82dbb51-5ece-437d-ba1d-46ff2ce3ba87",
              "isHook": false,
              "skipped": false
            },
            {
              "title": "Verify the FAQ Link on the Login Page",
              "fullTitle": "Verify the UI Links on the Login Page of CU Portal Verify the FAQ Link on the Login Page",
              "timedOut": null,
              "duration": 10076,
              "state": "passed",
              "speed": "slow",
              "pass": true,
              "fail": false,
              "pending": false,
              "context": null,
              "code": "const state = window.testState;\nreturn cy\n  .then(() => state.onStartScenario(scenario, indexedSteps))\n  .then(() =>\n    resolveAndRunBeforeHooks.call(this, scenario.tags, state.feature.name)\n  )\n  .then(() =>\n    indexedSteps.forEach((step) =>\n      stepTest.call(this, state, step, rowData)\n    )\n  )\n  .then(() => state.onFinishScenario(scenario));",
              "err": {},
              "uuid": "7c2f97f0-9c41-4da4-a4f1-a326f48bf3ee",
              "parentUUID": "f82dbb51-5ece-437d-ba1d-46ff2ce3ba87",
              "isHook": false,
              "skipped": false
            },
            {
              "title": "Verify the Join Link on the Login Page",
              "fullTitle": "Verify the UI Links on the Login Page of CU Portal Verify the Join Link on the Login Page",
              "timedOut": null,
              "duration": 11643,
              "state": "passed",
              "speed": "slow",
              "pass": true,
              "fail": false,
              "pending": false,
              "context": null,
              "code": "const state = window.testState;\nreturn cy\n  .then(() => state.onStartScenario(scenario, indexedSteps))\n  .then(() =>\n    resolveAndRunBeforeHooks.call(this, scenario.tags, state.feature.name)\n  )\n  .then(() =>\n    indexedSteps.forEach((step) =>\n      stepTest.call(this, state, step, rowData)\n    )\n  )\n  .then(() => state.onFinishScenario(scenario));",
              "err": {},
              "uuid": "31dad6b8-267f-4bb3-9114-4a5b97401608",
              "parentUUID": "f82dbb51-5ece-437d-ba1d-46ff2ce3ba87",
              "isHook": false,
              "skipped": false
            }
          ],
          "suites": [],
          "passes": [
            "6b5fd37f-fc4c-4dc4-9f68-154302f6d36c",
            "e8af6f77-1619-4783-8bd7-93b47ca4e20d",
            "7c2f97f0-9c41-4da4-a4f1-a326f48bf3ee",
            "31dad6b8-267f-4bb3-9114-4a5b97401608"
          ],
          "failures": [],
          "pending": [],
          "skipped": [],
          "duration": 39457,
          "root": false,
          "rootEmpty": false,
          "_timeout": 2000
        }
      ],
      "passes": [],
      "failures": [],
      "pending": [],
      "skipped": [],
      "duration": 0,
      "root": true,
      "rootEmpty": true,
      "_timeout": 2000
    }
  ],
  "meta": {
    "mocha": {
      "version": "7.0.1"
    },
    "mochawesome": {
      "options": {
        "quiet": false,
        "reportFilename": "mochawesome",
        "saveHtml": false,
        "saveJson": true,
        "consoleReporter": "spec",
        "useInlineDiffs": false,
        "code": true
      },
      "version": "7.1.3"
    },
    "marge": {
      "options": {
        "id": "default",
        "reportDir": "cypress\\reports\\.jsons",
        "charts": true,
        "reportPageTitle": "Bankjoy Platform Regression",
        "embeddedScreenshots": true,
        "inlineAssets": true,
        "html": false,
        "json": true,
        "overwrite": false
      },
      "version": "6.2.0"
    }
  }
}