{
  "stats": {
    "suites": 1,
    "tests": 4,
    "passes": 3,
    "pending": 0,
    "failures": 1,
    "start": "2022-04-28T08:24:58.368Z",
    "end": "2022-04-28T08:25:33.417Z",
    "duration": 35049,
    "testsRegistered": 4,
    "passPercent": 75,
    "pendingPercent": 0,
    "other": 0,
    "hasOther": false,
    "skipped": 0,
    "hasSkipped": false
  },
  "results": [
    {
      "uuid": "445788b1-8290-45ad-8787-5c244fcbac0b",
      "title": "",
      "fullFile": "cypress/integration/examples/BDDCucumber/uiLinks.feature",
      "file": "cypress/integration/examples/BDDCucumber/uiLinks.feature",
      "beforeHooks": [],
      "afterHooks": [],
      "tests": [],
      "suites": [
        {
          "uuid": "32acd7bb-b48f-46a1-96d1-b0c66bdfc152",
          "title": "Verify the UI Links on the Login Page of CU Portal",
          "fullFile": "",
          "file": "",
          "beforeHooks": [],
          "afterHooks": [],
          "tests": [
            {
              "title": "Verify the Privacy Policy Link on the Login Page",
              "fullTitle": "Verify the UI Links on the Login Page of CU Portal Verify the Privacy Policy Link on the Login Page",
              "timedOut": null,
              "duration": 9397,
              "state": "passed",
              "speed": "medium",
              "pass": true,
              "fail": false,
              "pending": false,
              "context": null,
              "code": "const state = window.testState;\nreturn cy\n  .then(() => state.onStartScenario(scenario, indexedSteps))\n  .then(() =>\n    resolveAndRunBeforeHooks.call(this, scenario.tags, state.feature.name)\n  )\n  .then(() =>\n    indexedSteps.forEach((step) =>\n      stepTest.call(this, state, step, rowData)\n    )\n  )\n  .then(() => state.onFinishScenario(scenario));",
              "err": {},
              "uuid": "76529f1d-43fa-44b9-9dd7-fb888add9a79",
              "parentUUID": "32acd7bb-b48f-46a1-96d1-b0c66bdfc152",
              "isHook": false,
              "skipped": false
            },
            {
              "title": "Verify the Terms of Service Link on the Login Page",
              "fullTitle": "Verify the UI Links on the Login Page of CU Portal Verify the Terms of Service Link on the Login Page",
              "timedOut": null,
              "duration": 7741,
              "state": "passed",
              "speed": "medium",
              "pass": true,
              "fail": false,
              "pending": false,
              "context": null,
              "code": "const state = window.testState;\nreturn cy\n  .then(() => state.onStartScenario(scenario, indexedSteps))\n  .then(() =>\n    resolveAndRunBeforeHooks.call(this, scenario.tags, state.feature.name)\n  )\n  .then(() =>\n    indexedSteps.forEach((step) =>\n      stepTest.call(this, state, step, rowData)\n    )\n  )\n  .then(() => state.onFinishScenario(scenario));",
              "err": {},
              "uuid": "a284f26f-6237-45de-93e3-62fb14d26676",
              "parentUUID": "32acd7bb-b48f-46a1-96d1-b0c66bdfc152",
              "isHook": false,
              "skipped": false
            },
            {
              "title": "Verify the FAQ Link on the Login Page",
              "fullTitle": "Verify the UI Links on the Login Page of CU Portal Verify the FAQ Link on the Login Page",
              "timedOut": null,
              "duration": 2377,
              "state": "failed",
              "speed": null,
              "pass": false,
              "fail": true,
              "pending": false,
              "context": "{\n  \"title\": \"cypress-mochawesome-reporter-screenshots\",\n  \"value\": [\n    [\n      {\n        \"title\": \"Failed screenshot\",\n        \"value\": \"\\\\examples\\\\BDDCucumber\\\\uiLinks.feature\\\\Verify the UI Links on the Login Page of CU Portal -- Verify the FAQ Link on the Login Page (failed).png\"\n      }\n    ],\n    [\n      {\n        \"title\": \"Failed screenshot\",\n        \"value\": \"\\\\examples\\\\BDDCucumber\\\\uiLinks.feature\\\\Verify the UI Links on the Login Page of CU Portal -- Verify the FAQ Link on the Login Page (failed) (attempt 2).png\"\n      }\n    ]\n  ]\n}",
              "code": "const state = window.testState;\nreturn cy\n  .then(() => state.onStartScenario(scenario, indexedSteps))\n  .then(() =>\n    resolveAndRunBeforeHooks.call(this, scenario.tags, state.feature.name)\n  )\n  .then(() =>\n    indexedSteps.forEach((step) =>\n      stepTest.call(this, state, step, rowData)\n    )\n  )\n  .then(() => state.onFinishScenario(scenario));",
              "err": {
                "message": "Error: Step implementation missing for: user searches for a FAQ Link",
                "estack": "Error: Step implementation missing for: user searches for a FAQ Link\n    at Context.resolveAndRunStepDefinition (https://siu-uat.bankjoy.com/__cypress/tests?p=cypress\\integration\\examples\\BDDCucumber\\uiLinks.feature:12474:11)\n    at Context.eval (https://siu-uat.bankjoy.com/__cypress/tests?p=cypress\\integration\\examples\\BDDCucumber\\uiLinks.feature:11789:35)",
                "diff": null
              },
              "uuid": "5cd648d3-a938-4db4-bac8-94ceb6f9bc49",
              "parentUUID": "32acd7bb-b48f-46a1-96d1-b0c66bdfc152",
              "isHook": false,
              "skipped": false
            },
            {
              "title": "Verify the Join Link on the Login Page",
              "fullTitle": "Verify the UI Links on the Login Page of CU Portal Verify the Join Link on the Login Page",
              "timedOut": null,
              "duration": 9458,
              "state": "passed",
              "speed": "medium",
              "pass": true,
              "fail": false,
              "pending": false,
              "context": null,
              "code": "const state = window.testState;\nreturn cy\n  .then(() => state.onStartScenario(scenario, indexedSteps))\n  .then(() =>\n    resolveAndRunBeforeHooks.call(this, scenario.tags, state.feature.name)\n  )\n  .then(() =>\n    indexedSteps.forEach((step) =>\n      stepTest.call(this, state, step, rowData)\n    )\n  )\n  .then(() => state.onFinishScenario(scenario));",
              "err": {},
              "uuid": "ebfe1551-8219-4a29-bbc4-271d76a19413",
              "parentUUID": "32acd7bb-b48f-46a1-96d1-b0c66bdfc152",
              "isHook": false,
              "skipped": false
            }
          ],
          "suites": [],
          "passes": [
            "76529f1d-43fa-44b9-9dd7-fb888add9a79",
            "a284f26f-6237-45de-93e3-62fb14d26676",
            "ebfe1551-8219-4a29-bbc4-271d76a19413"
          ],
          "failures": [
            "5cd648d3-a938-4db4-bac8-94ceb6f9bc49"
          ],
          "pending": [],
          "skipped": [],
          "duration": 28973,
          "root": false,
          "rootEmpty": false,
          "_timeout": 2000
        }
      ],
      "passes": [],
      "failures": [],
      "pending": [],
      "skipped": [],
      "duration": 0,
      "root": true,
      "rootEmpty": true,
      "_timeout": 2000
    }
  ],
  "meta": {
    "mocha": {
      "version": "7.0.1"
    },
    "mochawesome": {
      "options": {
        "quiet": false,
        "reportFilename": "mochawesome",
        "saveHtml": false,
        "saveJson": true,
        "consoleReporter": "spec",
        "useInlineDiffs": false,
        "code": true
      },
      "version": "7.1.3"
    },
    "marge": {
      "options": {
        "id": "default",
        "reportDir": "cypress\\reports\\.jsons",
        "charts": true,
        "reportPageTitle": "Bankjoy Platform Regression",
        "embeddedScreenshots": true,
        "inlineAssets": true,
        "html": false,
        "json": true,
        "overwrite": false
      },
      "version": "6.2.0"
    }
  }
}