{
  "stats": {
    "suites": 1,
    "tests": 4,
    "passes": 2,
    "pending": 0,
    "failures": 2,
    "start": "2022-04-28T09:06:53.656Z",
    "end": "2022-04-28T09:08:53.532Z",
    "duration": 119876,
    "testsRegistered": 4,
    "passPercent": 50,
    "pendingPercent": 0,
    "other": 0,
    "hasOther": false,
    "skipped": 0,
    "hasSkipped": false
  },
  "results": [
    {
      "uuid": "507386be-539a-4f69-a3d7-46b382b86787",
      "title": "",
      "fullFile": "cypress/integration/examples/BDDCucumber/uiLinks.feature",
      "file": "cypress/integration/examples/BDDCucumber/uiLinks.feature",
      "beforeHooks": [],
      "afterHooks": [],
      "tests": [],
      "suites": [
        {
          "uuid": "c94d88b5-2441-4c13-b068-df72651c642a",
          "title": "Verify the UI Links on the Login Page of CU Portal",
          "fullFile": "",
          "file": "",
          "beforeHooks": [],
          "afterHooks": [],
          "tests": [
            {
              "title": "Verify the Privacy Policy Link on the Login Page",
              "fullTitle": "Verify the UI Links on the Login Page of CU Portal Verify the Privacy Policy Link on the Login Page",
              "timedOut": null,
              "duration": 19249,
              "state": "failed",
              "speed": null,
              "pass": false,
              "fail": true,
              "pending": false,
              "context": "{\n  \"title\": \"cypress-mochawesome-reporter-screenshots\",\n  \"value\": [\n    [\n      {\n        \"title\": \"Screenshot\",\n        \"value\": \"\\\\examples\\\\BDDCucumber\\\\uiLinks.feature\\\\Verify the UI Links on the Login Page of CU Portal -- Verify the Privacy Policy Link on the Login Page.png\"\n      },\n      {\n        \"title\": \"Screenshot\",\n        \"value\": \"\\\\examples\\\\BDDCucumber\\\\uiLinks.feature\\\\Verify the UI Links on the Login Page of CU Portal -- Verify the Privacy Policy Link on the Login Page (1).png\"\n      },\n      {\n        \"title\": \"Failed screenshot\",\n        \"value\": \"\\\\examples\\\\BDDCucumber\\\\uiLinks.feature\\\\Verify the UI Links on the Login Page of CU Portal -- Verify the Privacy Policy Link on the Login Page (failed).png\"\n      }\n    ],\n    [\n      {\n        \"title\": \"Screenshot\",\n        \"value\": \"\\\\examples\\\\BDDCucumber\\\\uiLinks.feature\\\\Verify the UI Links on the Login Page of CU Portal -- Verify the Privacy Policy Link on the Login Page (attempt 2).png\"\n      },\n      {\n        \"title\": \"Screenshot\",\n        \"value\": \"\\\\examples\\\\BDDCucumber\\\\uiLinks.feature\\\\Verify the UI Links on the Login Page of CU Portal -- Verify the Privacy Policy Link on the Login Page (attempt 2) (1).png\"\n      },\n      {\n        \"title\": \"Failed screenshot\",\n        \"value\": \"\\\\examples\\\\BDDCucumber\\\\uiLinks.feature\\\\Verify the UI Links on the Login Page of CU Portal -- Verify the Privacy Policy Link on the Login Page (failed) (attempt 2).png\"\n      }\n    ]\n  ]\n}",
              "code": "const state = window.testState;\nreturn cy\n  .then(() => state.onStartScenario(scenario, indexedSteps))\n  .then(() =>\n    resolveAndRunBeforeHooks.call(this, scenario.tags, state.feature.name)\n  )\n  .then(() =>\n    indexedSteps.forEach((step) =>\n      stepTest.call(this, state, step, rowData)\n    )\n  )\n  .then(() => state.onFinishScenario(scenario));",
              "err": {
                "message": "AssertionError: Timed out retrying after 8000ms: expected 'https://siucu.org/wp-content/uploads/2020/04/MSA-Our-Privacy-Notice-SIUCU-02-08-20.pdf' to equal 'http://siucu.org/wp-content/uploads/2020/04/MSA-Our-Privacy-Notice-SIUCU-02-08-20.pdf'",
                "estack": "AssertionError: Timed out retrying after 8000ms: expected 'https://siucu.org/wp-content/uploads/2020/04/MSA-Our-Privacy-Notice-SIUCU-02-08-20.pdf' to equal 'http://siucu.org/wp-content/uploads/2020/04/MSA-Our-Privacy-Notice-SIUCU-02-08-20.pdf'\n    at Context.eval (https://siu-uat.bankjoy.com/__cypress/tests?p=cypress\\integration\\examples\\BDDCucumber\\uiLinks.feature:73:12)\n    at Context.resolveAndRunStepDefinition (https://siu-uat.bankjoy.com/__cypress/tests?p=cypress\\integration\\examples\\BDDCucumber\\uiLinks.feature:12477:29)\n    at Context.eval (https://siu-uat.bankjoy.com/__cypress/tests?p=cypress\\integration\\examples\\BDDCucumber\\uiLinks.feature:11798:35)",
                "diff": "- 'https://siucu.org/wp-content/uploads/2020/04/MSA-Our-Privacy-Notice-SIUCU-02-08-20.pdf'\n+ 'http://siucu.org/wp-content/uploads/2020/04/MSA-Our-Privacy-Notice-SIUCU-02-08-20.pdf'\n"
              },
              "uuid": "4c750710-1638-47e1-aaf3-dc59dd5fd671",
              "parentUUID": "c94d88b5-2441-4c13-b068-df72651c642a",
              "isHook": false,
              "skipped": false
            },
            {
              "title": "Verify the Terms of Service Link on the Login Page",
              "fullTitle": "Verify the UI Links on the Login Page of CU Portal Verify the Terms of Service Link on the Login Page",
              "timedOut": null,
              "duration": 20098,
              "state": "failed",
              "speed": null,
              "pass": false,
              "fail": true,
              "pending": false,
              "context": "{\n  \"title\": \"cypress-mochawesome-reporter-screenshots\",\n  \"value\": [\n    [\n      {\n        \"title\": \"Screenshot\",\n        \"value\": \"\\\\examples\\\\BDDCucumber\\\\uiLinks.feature\\\\Verify the UI Links on the Login Page of CU Portal -- Verify the Terms of Service Link on the Login Page.png\"\n      },\n      {\n        \"title\": \"Screenshot\",\n        \"value\": \"\\\\examples\\\\BDDCucumber\\\\uiLinks.feature\\\\Verify the UI Links on the Login Page of CU Portal -- Verify the Terms of Service Link on the Login Page (1).png\"\n      },\n      {\n        \"title\": \"Failed screenshot\",\n        \"value\": \"\\\\examples\\\\BDDCucumber\\\\uiLinks.feature\\\\Verify the UI Links on the Login Page of CU Portal -- Verify the Terms of Service Link on the Login Page (failed).png\"\n      }\n    ],\n    [\n      {\n        \"title\": \"Screenshot\",\n        \"value\": \"\\\\examples\\\\BDDCucumber\\\\uiLinks.feature\\\\Verify the UI Links on the Login Page of CU Portal -- Verify the Terms of Service Link on the Login Page (attempt 2).png\"\n      },\n      {\n        \"title\": \"Screenshot\",\n        \"value\": \"\\\\examples\\\\BDDCucumber\\\\uiLinks.feature\\\\Verify the UI Links on the Login Page of CU Portal -- Verify the Terms of Service Link on the Login Page (attempt 2) (1).png\"\n      },\n      {\n        \"title\": \"Failed screenshot\",\n        \"value\": \"\\\\examples\\\\BDDCucumber\\\\uiLinks.feature\\\\Verify the UI Links on the Login Page of CU Portal -- Verify the Terms of Service Link on the Login Page (failed) (attempt 2).png\"\n      }\n    ]\n  ]\n}",
              "code": "const state = window.testState;\nreturn cy\n  .then(() => state.onStartScenario(scenario, indexedSteps))\n  .then(() =>\n    resolveAndRunBeforeHooks.call(this, scenario.tags, state.feature.name)\n  )\n  .then(() =>\n    indexedSteps.forEach((step) =>\n      stepTest.call(this, state, step, rowData)\n    )\n  )\n  .then(() => state.onFinishScenario(scenario));",
              "err": {
                "message": "AssertionError: Timed out retrying after 8000ms: expected 'https://siucu.org/wp-content/uploads/2020/04/Online-Banking-Agreement.pdf' to equal 'http://siucu.org/wp-content/uploads/2020/04/Online-Banking-Agreement.pdf'",
                "estack": "AssertionError: Timed out retrying after 8000ms: expected 'https://siucu.org/wp-content/uploads/2020/04/Online-Banking-Agreement.pdf' to equal 'http://siucu.org/wp-content/uploads/2020/04/Online-Banking-Agreement.pdf'\n    at Context.eval (https://siu-uat.bankjoy.com/__cypress/tests?p=cypress\\integration\\examples\\BDDCucumber\\uiLinks.feature:88:12)\n    at Context.resolveAndRunStepDefinition (https://siu-uat.bankjoy.com/__cypress/tests?p=cypress\\integration\\examples\\BDDCucumber\\uiLinks.feature:12477:29)\n    at Context.eval (https://siu-uat.bankjoy.com/__cypress/tests?p=cypress\\integration\\examples\\BDDCucumber\\uiLinks.feature:11798:35)",
                "diff": "- 'https://siucu.org/wp-content/uploads/2020/04/Online-Banking-Agreement.pdf'\n+ 'http://siucu.org/wp-content/uploads/2020/04/Online-Banking-Agreement.pdf'\n"
              },
              "uuid": "1dd16e93-5d68-4fcd-b81b-fd64ec1027db",
              "parentUUID": "c94d88b5-2441-4c13-b068-df72651c642a",
              "isHook": false,
              "skipped": false
            },
            {
              "title": "Verify the FAQ Link on the Login Page",
              "fullTitle": "Verify the UI Links on the Login Page of CU Portal Verify the FAQ Link on the Login Page",
              "timedOut": null,
              "duration": 14344,
              "state": "passed",
              "speed": "slow",
              "pass": true,
              "fail": false,
              "pending": false,
              "context": "{\n  \"title\": \"cypress-mochawesome-reporter-screenshots\",\n  \"value\": [\n    [\n      {\n        \"title\": \"Screenshot\",\n        \"value\": \"\\\\examples\\\\BDDCucumber\\\\uiLinks.feature\\\\Verify the UI Links on the Login Page of CU Portal -- Verify the FAQ Link on the Login Page.png\"\n      },\n      {\n        \"title\": \"Screenshot\",\n        \"value\": \"\\\\examples\\\\BDDCucumber\\\\uiLinks.feature\\\\Verify the UI Links on the Login Page of CU Portal -- Verify the FAQ Link on the Login Page (1).png\"\n      },\n      {\n        \"title\": \"Screenshot\",\n        \"value\": \"\\\\examples\\\\BDDCucumber\\\\uiLinks.feature\\\\Verify the UI Links on the Login Page of CU Portal -- Verify the FAQ Link on the Login Page (2).png\"\n      }\n    ]\n  ]\n}",
              "code": "const state = window.testState;\nreturn cy\n  .then(() => state.onStartScenario(scenario, indexedSteps))\n  .then(() =>\n    resolveAndRunBeforeHooks.call(this, scenario.tags, state.feature.name)\n  )\n  .then(() =>\n    indexedSteps.forEach((step) =>\n      stepTest.call(this, state, step, rowData)\n    )\n  )\n  .then(() => state.onFinishScenario(scenario));",
              "err": {},
              "uuid": "0a1e5d38-1a9f-4c3f-b88a-c72be923a9ff",
              "parentUUID": "c94d88b5-2441-4c13-b068-df72651c642a",
              "isHook": false,
              "skipped": false
            },
            {
              "title": "Verify the Join Link on the Login Page",
              "fullTitle": "Verify the UI Links on the Login Page of CU Portal Verify the Join Link on the Login Page",
              "timedOut": null,
              "duration": 14899,
              "state": "passed",
              "speed": "slow",
              "pass": true,
              "fail": false,
              "pending": false,
              "context": "{\n  \"title\": \"cypress-mochawesome-reporter-screenshots\",\n  \"value\": [\n    [\n      {\n        \"title\": \"Screenshot\",\n        \"value\": \"\\\\examples\\\\BDDCucumber\\\\uiLinks.feature\\\\Verify the UI Links on the Login Page of CU Portal -- Verify the Join Link on the Login Page.png\"\n      },\n      {\n        \"title\": \"Screenshot\",\n        \"value\": \"\\\\examples\\\\BDDCucumber\\\\uiLinks.feature\\\\Verify the UI Links on the Login Page of CU Portal -- Verify the Join Link on the Login Page (1).png\"\n      },\n      {\n        \"title\": \"Screenshot\",\n        \"value\": \"\\\\examples\\\\BDDCucumber\\\\uiLinks.feature\\\\Verify the UI Links on the Login Page of CU Portal -- Verify the Join Link on the Login Page (2).png\"\n      }\n    ]\n  ]\n}",
              "code": "const state = window.testState;\nreturn cy\n  .then(() => state.onStartScenario(scenario, indexedSteps))\n  .then(() =>\n    resolveAndRunBeforeHooks.call(this, scenario.tags, state.feature.name)\n  )\n  .then(() =>\n    indexedSteps.forEach((step) =>\n      stepTest.call(this, state, step, rowData)\n    )\n  )\n  .then(() => state.onFinishScenario(scenario));",
              "err": {},
              "uuid": "54be5368-4b45-4f03-9506-76f9d24588d4",
              "parentUUID": "c94d88b5-2441-4c13-b068-df72651c642a",
              "isHook": false,
              "skipped": false
            }
          ],
          "suites": [],
          "passes": [
            "0a1e5d38-1a9f-4c3f-b88a-c72be923a9ff",
            "54be5368-4b45-4f03-9506-76f9d24588d4"
          ],
          "failures": [
            "4c750710-1638-47e1-aaf3-dc59dd5fd671",
            "1dd16e93-5d68-4fcd-b81b-fd64ec1027db"
          ],
          "pending": [],
          "skipped": [],
          "duration": 68590,
          "root": false,
          "rootEmpty": false,
          "_timeout": 2000
        }
      ],
      "passes": [],
      "failures": [],
      "pending": [],
      "skipped": [],
      "duration": 0,
      "root": true,
      "rootEmpty": true,
      "_timeout": 2000
    }
  ],
  "meta": {
    "mocha": {
      "version": "7.0.1"
    },
    "mochawesome": {
      "options": {
        "quiet": false,
        "reportFilename": "mochawesome",
        "saveHtml": false,
        "saveJson": true,
        "consoleReporter": "spec",
        "useInlineDiffs": false,
        "code": true
      },
      "version": "7.1.3"
    },
    "marge": {
      "options": {
        "id": "default",
        "reportDir": "cypress\\reports\\.jsons",
        "charts": true,
        "reportPageTitle": "Bankjoy Platform Regression",
        "embeddedScreenshots": true,
        "inlineAssets": true,
        "html": false,
        "json": true,
        "overwrite": false
      },
      "version": "6.2.0"
    }
  }
}