{
  "stats": {
    "suites": 1,
    "tests": 4,
    "passes": 2,
    "pending": 0,
    "failures": 2,
    "start": "2022-04-28T08:23:16.463Z",
    "end": "2022-04-28T08:24:04.526Z",
    "duration": 48063,
    "testsRegistered": 4,
    "passPercent": 50,
    "pendingPercent": 0,
    "other": 0,
    "hasOther": false,
    "skipped": 0,
    "hasSkipped": false
  },
  "results": [
    {
      "uuid": "f598b24d-38c7-4070-a4d9-93fd36811e26",
      "title": "",
      "fullFile": "cypress/integration/examples/BDDCucumber/uiLinks.feature",
      "file": "cypress/integration/examples/BDDCucumber/uiLinks.feature",
      "beforeHooks": [],
      "afterHooks": [],
      "tests": [],
      "suites": [
        {
          "uuid": "92047d14-3f93-41d3-9ad5-de3ee0ca2811",
          "title": "Verify the UI Links on the Login Page of CU Portal",
          "fullFile": "",
          "file": "",
          "beforeHooks": [],
          "afterHooks": [],
          "tests": [
            {
              "title": "Verify the Privacy Policy Link on the Login Page",
              "fullTitle": "Verify the UI Links on the Login Page of CU Portal Verify the Privacy Policy Link on the Login Page",
              "timedOut": null,
              "duration": 10434,
              "state": "passed",
              "speed": "slow",
              "pass": true,
              "fail": false,
              "pending": false,
              "context": null,
              "code": "const state = window.testState;\nreturn cy\n  .then(() => state.onStartScenario(scenario, indexedSteps))\n  .then(() =>\n    resolveAndRunBeforeHooks.call(this, scenario.tags, state.feature.name)\n  )\n  .then(() =>\n    indexedSteps.forEach((step) =>\n      stepTest.call(this, state, step, rowData)\n    )\n  )\n  .then(() => state.onFinishScenario(scenario));",
              "err": {},
              "uuid": "87c6cba9-5c79-46cc-86f1-9d2a4bc3ee51",
              "parentUUID": "92047d14-3f93-41d3-9ad5-de3ee0ca2811",
              "isHook": false,
              "skipped": false
            },
            {
              "title": "Verify the Terms of Service Link on the Login Page",
              "fullTitle": "Verify the UI Links on the Login Page of CU Portal Verify the Terms of Service Link on the Login Page",
              "timedOut": null,
              "duration": 9870,
              "state": "failed",
              "speed": null,
              "pass": false,
              "fail": true,
              "pending": false,
              "context": "{\n  \"title\": \"cypress-mochawesome-reporter-screenshots\",\n  \"value\": [\n    [\n      {\n        \"title\": \"Failed screenshot\",\n        \"value\": \"\\\\examples\\\\BDDCucumber\\\\uiLinks.feature\\\\Verify the UI Links on the Login Page of CU Portal -- Verify the Terms of Service Link on the Login Page (failed).png\"\n      }\n    ],\n    [\n      {\n        \"title\": \"Failed screenshot\",\n        \"value\": \"\\\\examples\\\\BDDCucumber\\\\uiLinks.feature\\\\Verify the UI Links on the Login Page of CU Portal -- Verify the Terms of Service Link on the Login Page (failed) (attempt 2).png\"\n      }\n    ]\n  ]\n}",
              "code": "const state = window.testState;\nreturn cy\n  .then(() => state.onStartScenario(scenario, indexedSteps))\n  .then(() =>\n    resolveAndRunBeforeHooks.call(this, scenario.tags, state.feature.name)\n  )\n  .then(() =>\n    indexedSteps.forEach((step) =>\n      stepTest.call(this, state, step, rowData)\n    )\n  )\n  .then(() => state.onFinishScenario(scenario));",
              "err": {
                "message": "TypeError: Cannot read properties of undefined (reading 'TermsConditionURL')",
                "estack": "TypeError: Cannot read properties of undefined (reading 'TermsConditionURL')\n    at Context.eval (https://siu-uat.bankjoy.com/__cypress/tests?p=cypress\\integration\\examples\\BDDCucumber\\uiLinks.feature:84:35)\n    at Context.resolveAndRunStepDefinition (https://siu-uat.bankjoy.com/__cypress/tests?p=cypress\\integration\\examples\\BDDCucumber\\uiLinks.feature:12468:29)\n    at Context.eval (https://siu-uat.bankjoy.com/__cypress/tests?p=cypress\\integration\\examples\\BDDCucumber\\uiLinks.feature:11789:35)",
                "diff": null
              },
              "uuid": "cee16783-0c7b-4060-9f97-2efd4d9bfa0a",
              "parentUUID": "92047d14-3f93-41d3-9ad5-de3ee0ca2811",
              "isHook": false,
              "skipped": false
            },
            {
              "title": "Verify the FAQ Link on the Login Page",
              "fullTitle": "Verify the UI Links on the Login Page of CU Portal Verify the FAQ Link on the Login Page",
              "timedOut": null,
              "duration": 1152,
              "state": "failed",
              "speed": null,
              "pass": false,
              "fail": true,
              "pending": false,
              "context": "{\n  \"title\": \"cypress-mochawesome-reporter-screenshots\",\n  \"value\": [\n    [\n      {\n        \"title\": \"Failed screenshot\",\n        \"value\": \"\\\\examples\\\\BDDCucumber\\\\uiLinks.feature\\\\Verify the UI Links on the Login Page of CU Portal -- Verify the FAQ Link on the Login Page (failed).png\"\n      }\n    ],\n    [\n      {\n        \"title\": \"Failed screenshot\",\n        \"value\": \"\\\\examples\\\\BDDCucumber\\\\uiLinks.feature\\\\Verify the UI Links on the Login Page of CU Portal -- Verify the FAQ Link on the Login Page (failed) (attempt 2).png\"\n      }\n    ]\n  ]\n}",
              "code": "const state = window.testState;\nreturn cy\n  .then(() => state.onStartScenario(scenario, indexedSteps))\n  .then(() =>\n    resolveAndRunBeforeHooks.call(this, scenario.tags, state.feature.name)\n  )\n  .then(() =>\n    indexedSteps.forEach((step) =>\n      stepTest.call(this, state, step, rowData)\n    )\n  )\n  .then(() => state.onFinishScenario(scenario));",
              "err": {
                "message": "Error: Step implementation missing for: user searches for a FAQ Link",
                "estack": "Error: Step implementation missing for: user searches for a FAQ Link\n    at Context.resolveAndRunStepDefinition (https://siu-uat.bankjoy.com/__cypress/tests?p=cypress\\integration\\examples\\BDDCucumber\\uiLinks.feature:12474:11)\n    at Context.eval (https://siu-uat.bankjoy.com/__cypress/tests?p=cypress\\integration\\examples\\BDDCucumber\\uiLinks.feature:11789:35)",
                "diff": null
              },
              "uuid": "a60e4bb2-4de3-4439-8a53-a36709e2e834",
              "parentUUID": "92047d14-3f93-41d3-9ad5-de3ee0ca2811",
              "isHook": false,
              "skipped": false
            },
            {
              "title": "Verify the Join Link on the Login Page",
              "fullTitle": "Verify the UI Links on the Login Page of CU Portal Verify the Join Link on the Login Page",
              "timedOut": null,
              "duration": 10725,
              "state": "passed",
              "speed": "slow",
              "pass": true,
              "fail": false,
              "pending": false,
              "context": null,
              "code": "const state = window.testState;\nreturn cy\n  .then(() => state.onStartScenario(scenario, indexedSteps))\n  .then(() =>\n    resolveAndRunBeforeHooks.call(this, scenario.tags, state.feature.name)\n  )\n  .then(() =>\n    indexedSteps.forEach((step) =>\n      stepTest.call(this, state, step, rowData)\n    )\n  )\n  .then(() => state.onFinishScenario(scenario));",
              "err": {},
              "uuid": "1aa8a804-95a0-4e4d-877f-c587eafd1697",
              "parentUUID": "92047d14-3f93-41d3-9ad5-de3ee0ca2811",
              "isHook": false,
              "skipped": false
            }
          ],
          "suites": [],
          "passes": [
            "87c6cba9-5c79-46cc-86f1-9d2a4bc3ee51",
            "1aa8a804-95a0-4e4d-877f-c587eafd1697"
          ],
          "failures": [
            "cee16783-0c7b-4060-9f97-2efd4d9bfa0a",
            "a60e4bb2-4de3-4439-8a53-a36709e2e834"
          ],
          "pending": [],
          "skipped": [],
          "duration": 32181,
          "root": false,
          "rootEmpty": false,
          "_timeout": 2000
        }
      ],
      "passes": [],
      "failures": [],
      "pending": [],
      "skipped": [],
      "duration": 0,
      "root": true,
      "rootEmpty": true,
      "_timeout": 2000
    }
  ],
  "meta": {
    "mocha": {
      "version": "7.0.1"
    },
    "mochawesome": {
      "options": {
        "quiet": false,
        "reportFilename": "mochawesome",
        "saveHtml": false,
        "saveJson": true,
        "consoleReporter": "spec",
        "useInlineDiffs": false,
        "code": true
      },
      "version": "7.1.3"
    },
    "marge": {
      "options": {
        "id": "default",
        "reportDir": "cypress\\reports\\.jsons",
        "charts": true,
        "reportPageTitle": "Bankjoy Platform Regression",
        "embeddedScreenshots": true,
        "inlineAssets": true,
        "html": false,
        "json": true,
        "overwrite": false
      },
      "version": "6.2.0"
    }
  }
}