{
  "stats": {
    "suites": 1,
    "tests": 1,
    "passes": 0,
    "pending": 0,
    "failures": 1,
    "start": "2022-04-29T10:51:35.975Z",
    "end": "2022-04-29T10:52:08.381Z",
    "duration": 32406,
    "testsRegistered": 1,
    "passPercent": 0,
    "pendingPercent": 0,
    "other": 0,
    "hasOther": false,
    "skipped": 0,
    "hasSkipped": false
  },
  "results": [
    {
      "uuid": "0255dfd9-30f6-4bfe-bf86-db9b7750286b",
      "title": "",
      "fullFile": "cypress/integration/examples/BDDCucumber/groupAccount.feature",
      "file": "cypress/integration/examples/BDDCucumber/groupAccount.feature",
      "beforeHooks": [],
      "afterHooks": [],
      "tests": [],
      "suites": [
        {
          "uuid": "de7d5463-a132-4e94-a0b2-7cfb1ee00ba8",
          "title": "Group Account",
          "fullFile": "",
          "file": "",
          "beforeHooks": [],
          "afterHooks": [],
          "tests": [
            {
              "title": "Verify user is able to create a new Group",
              "fullTitle": "Group Account Verify user is able to create a new Group",
              "timedOut": null,
              "duration": 14976,
              "state": "failed",
              "speed": null,
              "pass": false,
              "fail": true,
              "pending": false,
              "context": "{\n  \"title\": \"cypress-mochawesome-reporter-screenshots\",\n  \"value\": [\n    [\n      {\n        \"title\": \"Failed screenshot\",\n        \"value\": \"\\\\examples\\\\BDDCucumber\\\\groupAccount.feature\\\\Group Account -- Verify user is able to create a new Group (failed).png\"\n      }\n    ],\n    [\n      {\n        \"title\": \"Failed screenshot\",\n        \"value\": \"\\\\examples\\\\BDDCucumber\\\\groupAccount.feature\\\\Group Account -- Verify user is able to create a new Group (failed) (attempt 2).png\"\n      }\n    ]\n  ]\n}",
              "code": "const state = window.testState;\nreturn cy\n  .then(() => state.onStartScenario(scenario, indexedSteps))\n  .then(() =>\n    resolveAndRunBeforeHooks.call(this, scenario.tags, state.feature.name)\n  )\n  .then(() =>\n    indexedSteps.forEach((step) =>\n      stepTest.call(this, state, step, rowData)\n    )\n  )\n  .then(() => state.onFinishScenario(scenario));",
              "err": {
                "message": "AssertionError: Timed out retrying after 8000ms: Expected to find element: `button.dialog-close`, but never found it.",
                "estack": "AssertionError: Timed out retrying after 8000ms: Expected to find element: `button.dialog-close`, but never found it.\n    at Context.eval (https://siu-uat.bankjoy.com/__cypress/tests?p=cypress\\support\\index.js:20:37)",
                "diff": null
              },
              "uuid": "819e5a28-3a23-446a-b3ff-39f282f8d854",
              "parentUUID": "de7d5463-a132-4e94-a0b2-7cfb1ee00ba8",
              "isHook": false,
              "skipped": false
            }
          ],
          "suites": [],
          "passes": [],
          "failures": [
            "819e5a28-3a23-446a-b3ff-39f282f8d854"
          ],
          "pending": [],
          "skipped": [],
          "duration": 14976,
          "root": false,
          "rootEmpty": false,
          "_timeout": 2000
        }
      ],
      "passes": [],
      "failures": [],
      "pending": [],
      "skipped": [],
      "duration": 0,
      "root": true,
      "rootEmpty": true,
      "_timeout": 2000
    }
  ],
  "meta": {
    "mocha": {
      "version": "7.0.1"
    },
    "mochawesome": {
      "options": {
        "quiet": false,
        "reportFilename": "mochawesome",
        "saveHtml": false,
        "saveJson": true,
        "consoleReporter": "spec",
        "useInlineDiffs": false,
        "code": true
      },
      "version": "7.1.3"
    },
    "marge": {
      "options": {
        "id": "default",
        "reportDir": "cypress\\reports\\.jsons",
        "charts": true,
        "reportPageTitle": "Bankjoy Platform Regression",
        "embeddedScreenshots": true,
        "inlineAssets": true,
        "html": false,
        "json": true,
        "overwrite": false
      },
      "version": "6.2.0"
    }
  }
}