{
  "stats": {
    "suites": 1,
    "tests": 4,
    "passes": 4,
    "pending": 0,
    "failures": 0,
    "start": "2022-04-26T12:10:10.050Z",
    "end": "2022-04-26T12:10:51.139Z",
    "duration": 41089,
    "testsRegistered": 4,
    "passPercent": 100,
    "pendingPercent": 0,
    "other": 0,
    "hasOther": false,
    "skipped": 0,
    "hasSkipped": false
  },
  "results": [
    {
      "uuid": "88ba6e4c-481a-4363-809a-2673b23d440a",
      "title": "",
      "fullFile": "cypress/integration/examples/UILinks.spec.js",
      "file": "cypress/integration/examples/UILinks.spec.js",
      "beforeHooks": [],
      "afterHooks": [],
      "tests": [],
      "suites": [
        {
          "uuid": "24b30102-e7d4-45b0-a5d2-1c133a8ff39a",
          "title": "UI Links Verification on Login Page",
          "fullFile": "",
          "file": "",
          "beforeHooks": [],
          "afterHooks": [],
          "tests": [
            {
              "title": "Links_Verification_of_PrivacyPolicy_Link_TC01",
              "fullTitle": "UI Links Verification on Login Page Links_Verification_of_PrivacyPolicy_Link_TC01",
              "timedOut": null,
              "duration": 9956,
              "state": "passed",
              "speed": "medium",
              "pass": true,
              "fail": false,
              "pending": false,
              "context": null,
              "code": "const loginPage = new _LoginPage.default();\nloginPage.getPrivacyPolicyLink().invoke('removeAttr', 'target').click();\ncy.wait(2000);\ncy.url().should('eq', this.data.PrivacyPolicyURL);\ncy.wait(2000);\ncy.go('back');",
              "err": {},
              "uuid": "c6d640f4-90f1-45cb-a6c1-deba5828645b",
              "parentUUID": "24b30102-e7d4-45b0-a5d2-1c133a8ff39a",
              "isHook": false,
              "skipped": false
            },
            {
              "title": "Links_Verification_of_Terms_of_Service_Link_TC02",
              "fullTitle": "UI Links Verification on Login Page Links_Verification_of_Terms_of_Service_Link_TC02",
              "timedOut": null,
              "duration": 8923,
              "state": "passed",
              "speed": "medium",
              "pass": true,
              "fail": false,
              "pending": false,
              "context": null,
              "code": "const loginPage = new _LoginPage.default();\nloginPage.getTermsofServiceLink().invoke('removeAttr', 'target').click();\ncy.wait(2000);\ncy.url().should('eq', \"https://siucu.org/wp-content/uploads/2020/04/Online-Banking-Agreement.pdf\");\ncy.wait(2000);\ncy.go('back');",
              "err": {},
              "uuid": "650ba898-737b-4d2c-8423-f90452d2ec84",
              "parentUUID": "24b30102-e7d4-45b0-a5d2-1c133a8ff39a",
              "isHook": false,
              "skipped": false
            },
            {
              "title": "Links_Verification_of_FAQ_Link_TC03",
              "fullTitle": "UI Links Verification on Login Page Links_Verification_of_FAQ_Link_TC03",
              "timedOut": null,
              "duration": 11780,
              "state": "passed",
              "speed": "slow",
              "pass": true,
              "fail": false,
              "pending": false,
              "context": null,
              "code": "const loginPage = new _LoginPage.default();\nloginPage.getFAQLink().invoke('removeAttr', 'target').click();\ncy.wait(2000);\ncy.url().should('eq', \"https://mobile.silvercloudinc.com/mobileapp/siu_cu/index.html\");\ncy.wait(2000);\ncy.go('back');",
              "err": {},
              "uuid": "3cee8a2a-6869-4805-b1f2-e1bc37b765ea",
              "parentUUID": "24b30102-e7d4-45b0-a5d2-1c133a8ff39a",
              "isHook": false,
              "skipped": false
            },
            {
              "title": "Links_Verification_of_ Join_SIU_CU_Button_TC04",
              "fullTitle": "UI Links Verification on Login Page Links_Verification_of_ Join_SIU_CU_Button_TC04",
              "timedOut": null,
              "duration": 8507,
              "state": "passed",
              "speed": "medium",
              "pass": true,
              "fail": false,
              "pending": false,
              "context": null,
              "code": "const loginPage = new _LoginPage.default();\nloginPage.getJoinLink().click();\ncy.title().should('contain', 'Welcome to SIU Credit Union');\ncy.wait(2000);\ncy.go('back');",
              "err": {},
              "uuid": "c29091ea-751d-4d58-b036-043ef5eeeb70",
              "parentUUID": "24b30102-e7d4-45b0-a5d2-1c133a8ff39a",
              "isHook": false,
              "skipped": false
            }
          ],
          "suites": [],
          "passes": [
            "c6d640f4-90f1-45cb-a6c1-deba5828645b",
            "650ba898-737b-4d2c-8423-f90452d2ec84",
            "3cee8a2a-6869-4805-b1f2-e1bc37b765ea",
            "c29091ea-751d-4d58-b036-043ef5eeeb70"
          ],
          "failures": [],
          "pending": [],
          "skipped": [],
          "duration": 39166,
          "root": false,
          "rootEmpty": false,
          "_timeout": 2000
        }
      ],
      "passes": [],
      "failures": [],
      "pending": [],
      "skipped": [],
      "duration": 0,
      "root": true,
      "rootEmpty": true,
      "_timeout": 2000
    }
  ],
  "meta": {
    "mocha": {
      "version": "7.0.1"
    },
    "mochawesome": {
      "options": {
        "quiet": false,
        "reportFilename": "mochawesome",
        "saveHtml": true,
        "saveJson": true,
        "consoleReporter": "spec",
        "useInlineDiffs": false,
        "code": true
      },
      "version": "7.1.3"
    },
    "marge": {
      "options": {
        "reporterEnabled": "cypress-mochawesome-reporter, mocha-junit-reporter",
        "cypressMochawesomeReporterReporterOptions": {
          "reportDir": "cypress/reports",
          "charts": true,
          "reportPageTitle": "Bankjoy Platform Regression",
          "embeddedScreenshots": true,
          "inlineAssets": true,
          "html": true,
          "json": true,
          "overwrite": false
        },
        "mochaJunitReporterReporterOptions": {
          "mochaFile": "cypress/reports/junit/results-[hash].xml"
        }
      },
      "version": "6.2.0"
    }
  }
}